dump format error(0x8)

<internal:marshal>:34:in `load'
001_SaveData.rb:28:in `load'
001_SaveData.rb:28:in `block in get_data_from_file'
001_SaveData.rb:27:in `open'
001_SaveData.rb:27:in `get_data_from_file'
001_SaveData.rb:45:in `read_from_file'
[Auto Multi Save] Auto_Multi_Save.rb:128:in `block in get_newest_save_slot'
[Auto Multi Save] Auto_Multi_Save.rb:88:in `block in each_slot'
[Auto Multi Save] Auto_Multi_Save.rb:88:in `each'
[Auto Multi Save] Auto_Multi_Save.rb:88:in `each_slot'
[Auto Multi Save] Auto_Multi_Save.rb:125:in `get_newest_save_slot'
[Auto Multi Save] Auto_Multi_Save.rb:541:in `set_up_system'
999_Main.rb:31:in `mainFunctionDebug'
999_Main.rb:20:in `mainFunction'
999_Main.rb:45:in `block (2 levels) in load_scripts_from_folder'
999_Main.rb:44:in `loop'
999_Main.rb:44:in `block in load_scripts_from_folder'
Section000:31:in `eval'
Section000:31:in `block in load_scripts_from_folder'
Section000:28:in `each'
Section000:28:in `load_scripts_from_folder'
Section000:41:in `block in load_scripts_from_folder'
Section000:40:in `each'
Section000:40:in `load_scripts_from_folder'
Section000:45:in `<main>'
-e:in `eval'